\BOOKMARK [0][-]{section*.7}{\376\377\000D\000A\000N\000H\000\040\000M\036\344\000C\000\040\000T\036\352\000\040\000V\000I\036\276\000T\000\040\000T\036\256\000T}{}% 1
\BOOKMARK [0][-]{section*.9}{\376\377\000D\000A\000N\000H\000\040\000M\036\344\000C\000\040\000T\000H\000U\036\254\000T\000\040\000N\000G\036\356}{}% 2
\BOOKMARK [0][-]{chapter.1}{\376\377\000G\000I\036\332\000I\000\040\000T\000H\000I\036\306\000U\000\040\001\020\036\300\000\040\000T\000\300\000I}{}% 3
\BOOKMARK [1][-]{section.1.1}{\376\377\001\020\036\267\000t\000\040\000v\036\245\000n\000\040\001\021\036\301}{chapter.1}% 4
\BOOKMARK [1][-]{section.1.2}{\376\377\000M\036\345\000c\000\040\000t\000i\000\352\000u\000\040\001\021\036\301\000\040\000t\000\340\000i}{chapter.1}% 5
\BOOKMARK [1][-]{section.1.3}{\376\377\000P\000h\036\241\000m\000\040\000v\000i\000\040\001\021\036\301\000\040\000t\000\340\000i}{chapter.1}% 6
\BOOKMARK [1][-]{section.1.4}{\376\377\000K\000h\036\243\000o\000\040\000s\000\341\000t\000\040\000h\036\307\000\040\000t\000h\036\321\000n\000g\000\040\000t\001\260\001\241\000n\000g\000\040\000t\036\361}{chapter.1}% 7
\BOOKMARK [1][-]{section.1.5}{\376\377\001\020\036\313\000n\000h\000\040\000h\001\260\036\333\000n\000g\000\040\000g\000i\036\243\000i\000\040\000p\000h\000\341\000p}{chapter.1}% 8
\BOOKMARK [1][-]{section.1.6}{\376\377\000B\036\321\000\040\000c\036\345\000c\000\040\000b\000\341\000o\000\040\000c\000\341\000o}{chapter.1}% 9
\BOOKMARK [0][-]{chapter.2}{\376\377\000C\001\240\000\040\000S\036\336\000\040\000L\000\335\000\040\000T\000H\000U\000Y\036\276\000T}{}% 10
\BOOKMARK [1][-]{section.2.1}{\376\377\000K\000i\036\277\000n\000\040\000t\000r\000\372\000c\000\040\000M\000i\000c\000r\000o\000s\000e\000r\000v\000i\000c\000e\000s}{chapter.2}% 11
\BOOKMARK [2][-]{subsection.2.1.1}{\376\377\000K\000h\000\341\000i\000\040\000n\000i\036\307\000m\000\040\000v\000\340\000\040\001\021\036\267\000c\000\040\001\021\000i\036\303\000m\000\040\000c\036\321\000t\000\040\000l\000\365\000i}{section.2.1}% 12
\BOOKMARK [2][-]{subsection.2.1.2}{\376\377\000S\000o\000\040\000s\000\341\000n\000h\000\040\000v\036\333\000i\000\040\000M\000o\000n\000o\000l\000i\000t\000h\000\040\000v\000\340\000\040\000S\000O\000A}{section.2.1}% 13
\BOOKMARK [1][-]{section.2.2}{\376\377\000P\000h\000\342\000n\000\040\000r\000\343\000\040\000h\036\307\000\040\000t\000h\036\321\000n\000g\000\040\000v\000\340\000\040\000D\000a\000t\000a\000b\000a\000s\000e\000\040\000p\000e\000r\000\040\000S\000e\000r\000v\000i\000c\000e}{chapter.2}% 14
\BOOKMARK [1][-]{section.2.3}{\376\377\000S\000a\000g\000a\000\040\000O\000r\000c\000h\000e\000s\000t\000r\000a\000t\000i\000o\000n\000\040\040\024\000\040\000g\000i\000a\000o\000\040\000d\036\313\000c\000h\000\040\000p\000h\000\342\000n\000\040\000t\000\341\000n\000\040\000n\000h\000i\036\301\000u\000\040\000b\001\260\036\333\000c}{chapter.2}% 15
\BOOKMARK [2][-]{subsection.2.3.1}{\376\377\000S\000a\000g\000a\000\040\000C\000h\000o\000r\000e\000o\000g\000r\000a\000p\000h\000y}{section.2.3}% 16
\BOOKMARK [2][-]{subsection.2.3.2}{\376\377\000S\000a\000g\000a\000\040\000O\000r\000c\000h\000e\000s\000t\000r\000a\000t\000i\000o\000n}{section.2.3}% 17
\BOOKMARK [1][-]{section.2.4}{\376\377\000T\000r\000a\000n\000s\000a\000c\000t\000i\000o\000n\000a\000l\000\040\000O\000u\000t\000b\000o\000x\000\040\000v\000\340\000\040\000I\000d\000e\000m\000p\000o\000t\000e\000n\000t\000\040\000C\000o\000n\000s\000u\000m\000e\000r}{chapter.2}% 18
\BOOKMARK [1][-]{section.2.5}{\376\377\000X\036\355\000\040\000l\000\375\000\040\001\021\036\323\000n\000g\000\040\000t\000h\036\335\000i\000\040\000c\000a\000o\000\040\040\024\000\040\000R\000e\000d\000i\000s\000\040\000L\000u\000a\000\040\000a\000t\000o\000m\000i\000c\000\040\000v\000\340\000\040\000m\000\364\000\040\000h\000\354\000n\000h\000\040\000p\000h\000\362\000n\000g\000\040\000t\000h\036\347\000\040\001\021\000a\000\040\000l\036\333\000p}{chapter.2}% 19
\BOOKMARK [1][-]{section.2.6}{\376\377\000B\036\243\000o\000\040\000m\036\255\000t\000\040\000t\036\255\000p\000\040\000t\000r\000u\000n\000g}{chapter.2}% 20
\BOOKMARK [1][-]{section.2.7}{\376\377\000C\000\341\000c\000\040\000m\036\253\000u\000\040\000t\000h\000i\036\277\000t\000\040\000k\036\277\000\040\000h\036\327\000\040\000t\000r\036\343\000:\000\040\000C\000Q\000R\000S\000-\000l\000i\000t\000e\000,\000\040\000C\000i\000r\000c\000u\000i\000t\000\040\000B\000r\000e\000a\000k\000e\000r\000\040\000v\000\340\000\040\000O\000b\000s\000e\000r\000v\000a\000b\000i\000l\000i\000t\000y}{chapter.2}% 21
\BOOKMARK [2][-]{subsection.2.7.1}{\376\377\000C\000Q\000R\000S\000-\000l\000i\000t\000e\000\040\040\024\000\040\000t\000\341\000c\000h\000\040\000b\000i\036\307\000t\000\040\000m\000\364\000\040\000h\000\354\000n\000h\000\040\001\021\036\315\000c\000\040\000v\000\340\000\040\000g\000h\000i\000\040\000c\000h\000o\000\040\000t\000\354\000m\000\040\000k\000i\036\277\000m}{section.2.7}% 22
\BOOKMARK [2][-]{subsection.2.7.2}{\376\377\000C\000i\000r\000c\000u\000i\000t\000\040\000B\000r\000e\000a\000k\000e\000r\000\040\040\024\000\040\000n\000g\001\003\000n\000\040\000s\036\361\000\040\000c\036\321\000\040\000d\000\342\000y\000\040\000c\000h\000u\000y\036\301\000n\000\040\000g\000i\036\357\000a\000\040\000c\000\341\000c\000\040\000s\000e\000r\000v\000i\000c\000e}{section.2.7}% 23
\BOOKMARK [2][-]{subsection.2.7.3}{\376\377\000K\000h\036\243\000\040\000n\001\003\000n\000g\000\040\000q\000u\000a\000n\000\040\000s\000\341\000t\000\040\040\024\000\040\000b\000a\000\040\000t\000r\036\345\000\040\000c\036\331\000t\000\040\000g\000i\000\341\000m\000\040\000s\000\341\000t\000\040\000h\036\307\000\040\000t\000h\036\321\000n\000g\000\040\000p\000h\000\342\000n\000\040\000t\000\341\000n}{section.2.7}% 24
\BOOKMARK [0][-]{chapter.3}{\376\377\000G\000I\036\242\000I\000\040\000P\000H\000\301\000P\000\040\000C\000\324\000N\000G\000\040\000N\000G\000H\036\306}{}% 25
\BOOKMARK [1][-]{section.3.1}{\376\377\000N\036\301\000n\000\040\000t\036\243\000n\000g\000\040\000p\000h\000\341\000t\000\040\000t\000r\000i\036\303\000n}{chapter.3}% 26
\BOOKMARK [1][-]{section.3.2}{\376\377\000H\036\307\000\040\000s\000i\000n\000h\000\040\000t\000h\000\341\000i\000\040\000S\000p\000r\000i\000n\000g\000\040\000C\000l\000o\000u\000d}{chapter.3}% 27
\BOOKMARK [1][-]{section.3.3}{\376\377\000A\000p\000a\000c\000h\000e\000\040\000K\000a\000f\000k\000a\000\040\040\024\000\040\000M\000e\000s\000s\000a\000g\000e\000\040\000B\000r\000o\000k\000e\000r}{chapter.3}% 28
\BOOKMARK [1][-]{section.3.4}{\376\377\000H\036\241\000\040\000t\036\247\000n\000g\000\040\000d\036\357\000\040\000l\000i\036\307\000u}{chapter.3}% 29
\BOOKMARK [2][-]{subsection.3.4.1}{\376\377\000P\000o\000s\000t\000g\000r\000e\000S\000Q\000L\000\040\0001\0007}{section.3.4}% 30
\BOOKMARK [2][-]{subsection.3.4.2}{\376\377\000R\000e\000d\000i\000s\000\040\0008}{section.3.4}% 31
\BOOKMARK [2][-]{subsection.3.4.3}{\376\377\000E\000l\000a\000s\000t\000i\000c\000s\000e\000a\000r\000c\000h\000\040\0008}{section.3.4}% 32
\BOOKMARK [1][-]{section.3.5}{\376\377\000K\000e\000y\000c\000l\000o\000a\000k\000\040\040\024\000\040\000B\036\243\000o\000\040\000m\036\255\000t\000\040\000v\000\340\000\040\000q\000u\036\243\000n\000\040\000l\000\375\000\040\001\021\036\313\000n\000h\000\040\000d\000a\000n\000h}{chapter.3}% 33
\BOOKMARK [1][-]{section.3.6}{\376\377\000N\000e\000x\000t\000.\000j\000s\000\040\040\024\000\040\000T\036\247\000n\000g\000\040\000g\000i\000a\000o\000\040\000d\000i\036\307\000n}{chapter.3}% 34
\BOOKMARK [1][-]{section.3.7}{\376\377\000D\000o\000c\000k\000e\000r\000\040\040\024\000\040\001\020\000\363\000n\000g\000\040\000g\000\363\000i\000\040\000v\000\340\000\040\000t\000r\000i\036\303\000n\000\040\000k\000h\000a\000i}{chapter.3}% 35
\BOOKMARK [1][-]{section.3.8}{\376\377\000C\000\341\000c\000\040\000c\000\364\000n\000g\000\040\000n\000g\000h\036\307\000\040\000v\000\340\000\040\000c\000\364\000n\000g\000\040\000c\036\345\000\040\000h\036\327\000\040\000t\000r\036\343}{chapter.3}% 36
\BOOKMARK [0][-]{chapter.4}{\376\377\000P\000H\000\302\000N\000\040\000T\000\315\000C\000H\000\040\000V\000\300\000\040\000T\000H\000I\036\276\000T\000\040\000K\036\276\000\040\000H\036\306\000\040\000T\000H\036\320\000N\000G}{}% 37
\BOOKMARK [1][-]{section.4.1}{\376\377\000P\000h\000\342\000n\000\040\000t\000\355\000c\000h\000\040\000y\000\352\000u\000\040\000c\036\247\000u\000\040\000h\036\307\000\040\000t\000h\036\321\000n\000g}{chapter.4}% 38
\BOOKMARK [1][-]{section.4.2}{\376\377\000M\000\364\000\040\000h\000\354\000n\000h\000\040\000h\000\363\000a\000\040\000y\000\352\000u\000\040\000c\036\247\000u\000\040\040\024\000\040\000B\000i\036\303\000u\000\040\001\021\036\323\000\040\000U\000s\000e\000\040\000C\000a\000s\000e}{chapter.4}% 39
\BOOKMARK [1][-]{section.4.3}{\376\377\000K\000i\036\277\000n\000\040\000t\000r\000\372\000c\000\040\000t\036\325\000n\000g\000\040\000t\000h\036\303}{chapter.4}% 40
\BOOKMARK [1][-]{section.4.4}{\376\377\000P\000h\000\342\000n\000\040\000r\000\343\000\040\000m\000i\036\301\000n\000\040\000n\000g\000h\000i\036\307\000p\000\040\000v\036\345\000\040\000v\000\340\000\040\000s\036\337\000\040\000h\036\357\000u\000\040\000d\036\313\000c\000h\000\040\000v\036\345}{chapter.4}% 41
\BOOKMARK [1][-]{section.4.5}{\376\377\000T\000h\000i\036\277\000t\000\040\000k\036\277\000\040\000c\001\241\000\040\000s\036\337\000\040\000d\036\357\000\040\000l\000i\036\307\000u}{chapter.4}% 42
\BOOKMARK [2][-]{subsection.4.5.1}{\376\377\000P\000o\000s\000t\000g\000r\000e\000S\000Q\000L}{section.4.5}% 43
\BOOKMARK [2][-]{subsection.4.5.2}{\376\377\000E\000l\000a\000s\000t\000i\000c\000s\000e\000a\000r\000c\000h}{section.4.5}% 44
\BOOKMARK [2][-]{subsection.4.5.3}{\376\377\000R\000e\000d\000i\000s}{section.4.5}% 45
\BOOKMARK [1][-]{section.4.6}{\376\377\000T\000h\000i\036\277\000t\000\040\000k\036\277\000\040\000A\000P\000I\000\040\000v\000\340\000\040\000g\000i\000a\000o\000\040\000t\000i\036\277\000p\000\040\001\021\036\323\000n\000g\000\040\000b\036\331}{chapter.4}% 46
\BOOKMARK [1][-]{section.4.7}{\376\377\000T\000h\000i\036\277\000t\000\040\000k\036\277\000\040\000l\000u\036\323\000n\000g\000\040\000s\036\361\000\040\000k\000i\036\307\000n\000\040\040\024\000\040\000K\000a\000f\000k\000a\000\040\000T\000o\000p\000i\000c\000s}{chapter.4}% 47
\BOOKMARK [1][-]{section.4.8}{\376\377\000T\000h\000i\036\277\000t\000\040\000k\036\277\000\040\000b\036\243\000o\000\040\000m\036\255\000t}{chapter.4}% 48
\BOOKMARK [1][-]{section.4.9}{\376\377\000T\000h\000i\036\277\000t\000\040\000k\036\277\000\040\000m\000\341\000y\000\040\000t\000r\036\241\000n\000g\000\040\000t\000h\000\341\000i}{chapter.4}% 49
\BOOKMARK [1][-]{section.4.10}{\376\377\000T\000h\000i\036\277\000t\000\040\000k\036\277\000\040\000l\000u\036\323\000n\000g\000\040\000n\000g\000h\000i\036\307\000p\000\040\000v\036\345\000\040\000c\000h\000\355\000n\000h}{chapter.4}% 50
\BOOKMARK [2][-]{subsection.4.10.1}{\376\377\000L\000u\036\323\000n\000g\000\040\000t\000h\000a\000o\000\040\000t\000\341\000c\000\040\000g\000i\036\317\000\040\000h\000\340\000n\000g}{section.4.10}% 51
\BOOKMARK [2][-]{subsection.4.10.2}{\376\377\000L\000u\036\323\000n\000g\000\040\001\021\001\003\000n\000g\000\040\000k\000\375\000\040\000n\000g\001\260\036\335\000i\000\040\000d\000\371\000n\000g}{section.4.10}% 52
\BOOKMARK [2][-]{subsection.4.10.3}{\376\377\000L\000u\036\323\000n\000g\000\040\001\021\036\267\000t\000\040\000h\000\340\000n\000g\000\040\000C\000O\000D\000\040\040\024\000\040\000S\000a\000g\000a\000\040\000O\000r\000c\000h\000e\000s\000t\000r\000a\000t\000i\000o\000n}{section.4.10}% 53
\BOOKMARK [2][-]{subsection.4.10.4}{\376\377\000L\000u\036\323\000n\000g\000\040\000t\000h\000\364\000n\000g\000\040\000b\000\341\000o\000\040\000e\000m\000a\000i\000l}{section.4.10}% 54
\BOOKMARK [2][-]{subsection.4.10.5}{\376\377\000L\000u\036\323\000n\000g\000\040\001\021\036\267\000t\000\040\000h\000\340\000n\000g\000\040\000V\000N\000P\000A\000Y}{section.4.10}% 55
\BOOKMARK [2][-]{subsection.4.10.6}{\376\377\000L\000u\036\323\000n\000g\000\040\000F\000l\000a\000s\000h\000\040\000S\000a\000l\000e}{section.4.10}% 56
\BOOKMARK [2][-]{subsection.4.10.7}{\376\377\000L\000u\036\323\000n\000g\000\040\000t\000\354\000m\000\040\000k\000i\036\277\000m\000\040\000s\036\243\000n\000\040\000p\000h\036\251\000m\000\040\000\050\000C\000Q\000R\000S\000-\000l\000i\000t\000e\000\051}{section.4.10}% 57
\BOOKMARK [2][-]{subsection.4.10.8}{\376\377\000L\000u\036\323\000n\000g\000\040\001\021\000\341\000n\000h\000\040\000g\000i\000\341\000\040\000s\036\243\000n\000\040\000p\000h\036\251\000m}{section.4.10}% 58
\BOOKMARK [1][-]{section.4.11}{\376\377\000T\000h\000i\036\277\000t\000\040\000k\036\277\000\040\000t\000\341\000c\000\040\000v\036\345\000\040\000n\036\301\000n\000\040\040\024\000\040\000S\000c\000h\000e\000d\000u\000l\000e\000d\000\040\000J\000o\000b\000s}{chapter.4}% 59
\BOOKMARK [0][-]{chapter.5}{\376\377\000T\000R\000I\036\302\000N\000\040\000K\000H\000A\000I\000\040\000V\000\300\000\040\000K\000I\036\302\000M\000\040\000T\000H\036\354}{}% 60
\BOOKMARK [1][-]{section.5.1}{\376\377\000M\000\364\000i\000\040\000t\000r\001\260\036\335\000n\000g\000\040\000p\000h\000\341\000t\000\040\000t\000r\000i\036\303\000n\000\040\000v\000\340\000\040\000c\036\245\000u\000\040\000t\000r\000\372\000c\000\040\000d\036\361\000\040\000\341\000n}{chapter.5}% 61
\BOOKMARK [1][-]{section.5.2}{\376\377\000C\000\340\000i\000\040\001\021\036\267\000t\000\040\000c\000\341\000c\000\040\000t\000h\000\340\000n\000h\000\040\000p\000h\036\247\000n\000\040\000b\000a\000c\000k\000e\000n\000d\000\040\000c\036\321\000t\000\040\000l\000\365\000i}{chapter.5}% 62
\BOOKMARK [2][-]{subsection.5.2.1}{\376\377\000L\036\333\000p\000\040\001\021\000i\036\301\000u\000\040\000p\000h\036\321\000i\000\040\000S\000p\000r\000i\000n\000g\000\040\000C\000l\000o\000u\000d}{section.5.2}% 63
\BOOKMARK [2][-]{subsection.5.2.2}{\376\377\000D\000a\000t\000a\000b\000a\000s\000e\000\040\000p\000e\000r\000\040\000S\000e\000r\000v\000i\000c\000e\000\040\000v\000\340\000\040\000F\000l\000y\000w\000a\000y}{section.5.2}% 64
\BOOKMARK [2][-]{subsection.5.2.3}{\376\377\000S\000a\000g\000a\000\040\000O\000r\000c\000h\000e\000s\000t\000r\000a\000t\000i\000o\000n\000,\000\040\000O\000u\000t\000b\000o\000x\000\040\000v\000\340\000\040\000I\000d\000e\000m\000p\000o\000t\000e\000n\000t\000\040\000C\000o\000n\000s\000u\000m\000e\000r}{section.5.2}% 65
\BOOKMARK [2][-]{subsection.5.2.4}{\376\377\000T\000h\000a\000n\000h\000\040\000t\000o\000\341\000n\000\040\000V\000N\000P\000A\000Y}{section.5.2}% 66
\BOOKMARK [2][-]{subsection.5.2.5}{\376\377\000F\000l\000a\000s\000h\000\040\000s\000a\000l\000e\000\040\000h\000i\000g\000h\000-\000c\000o\000n\000c\000u\000r\000r\000e\000n\000c\000y}{section.5.2}% 67
\BOOKMARK [1][-]{section.5.3}{\376\377\000C\000\340\000i\000\040\001\021\036\267\000t\000\040\000b\036\243\000o\000\040\000m\036\255\000t\000\040\000v\000\340\000\040\000p\000h\000\342\000n\000\040\000q\000u\000y\036\301\000n}{chapter.5}% 68
\BOOKMARK [1][-]{section.5.4}{\376\377\000C\000\340\000i\000\040\001\021\036\267\000t\000\040\000f\000r\000o\000n\000t\000e\000n\000d\000\040\000S\000t\000o\000r\000e\000f\000r\000o\000n\000t\000\040\000v\000\340\000\040\000A\000d\000m\000i\000n\000\040\000P\000a\000n\000e\000l}{chapter.5}% 69
\BOOKMARK [1][-]{section.5.5}{\376\377\001\020\000\363\000n\000g\000\040\000g\000\363\000i\000\040\000D\000o\000c\000k\000e\000r\000\040\000v\000\340\000\040\000v\036\255\000n\000\040\000h\000\340\000n\000h\000\040\000l\000o\000c\000a\000l}{chapter.5}% 70
\BOOKMARK [1][-]{section.5.6}{\376\377\000T\000r\000i\036\303\000n\000\040\000k\000h\000a\000i\000\040\000p\000r\000o\000d\000u\000c\000t\000i\000o\000n\000-\000l\000i\000k\000e\000\040\000t\000r\000\352\000n\000\040\000A\000W\000S\000\040\000E\000C\0002}{chapter.5}% 71
\BOOKMARK [1][-]{section.5.7}{\376\377\000G\000i\000\341\000m\000\040\000s\000\341\000t\000\040\000v\000\340\000\040\000q\000u\000a\000n\000\040\000s\000\341\000t\000\040\000h\036\307\000\040\000t\000h\036\321\000n\000g}{chapter.5}% 72
\BOOKMARK [1][-]{section.5.8}{\376\377\000C\000h\000i\036\277\000n\000\040\000l\001\260\036\343\000c\000\040\000k\000i\036\303\000m\000\040\000t\000h\036\355}{chapter.5}% 73
\BOOKMARK [1][-]{section.5.9}{\376\377\000K\036\277\000t\000\040\000q\000u\036\243\000\040\000k\000i\036\303\000m\000\040\000t\000h\036\355\000\040\000h\000i\036\307\000u\000\040\000n\001\003\000n\000g}{chapter.5}% 74
\BOOKMARK [1][-]{section.5.10}{\376\377\000K\036\277\000t\000\040\000q\000u\036\243\000\040\000k\000i\036\303\000m\000\040\000t\000h\036\355\000\040\000k\000h\036\243\000\040\000n\001\003\000n\000g\000\040\000c\000h\036\313\000u\000\040\000l\036\327\000i}{chapter.5}% 75
\BOOKMARK [0][-]{section*.65}{\376\377\000K\036\276\000T\000\040\000L\000U\036\254\000N\000\040\000V\000\300\000\040\000H\001\257\036\332\000N\000G\000\040\000P\000H\000\301\000T\000\040\000T\000R\000I\036\302\000N}{}% 76
\BOOKMARK [1][-]{chapter*.66}{\376\377\000K\036\277\000t\000\040\000l\000u\036\255\000n}{section*.65}% 77
\BOOKMARK [1][-]{chapter*.66}{\376\377\000H\001\260\036\333\000n\000g\000\040\000p\000h\000\341\000t\000\040\000t\000r\000i\036\303\000n}{section*.65}% 78
\BOOKMARK [0][-]{section*.68}{\376\377\000T\000\300\000I\000\040\000L\000I\036\306\000U\000\040\000T\000H\000A\000M\000\040\000K\000H\036\242\000O}{}% 79
\BOOKMARK [0][-]{section*.69}{\376\377\000P\000H\036\344\000\040\000L\036\344\000C}{}% 80
\BOOKMARK [0][-]{appendix.1.A}{\376\377\000H\001\257\036\332\000N\000G\000\040\000D\036\252\000N\000\040\000C\000\300\000I\000\040\001\020\036\266\000T\000\040\000V\000\300\000\040\000V\036\254\000N\000\040\000H\000\300\000N\000H}{}% 81
\BOOKMARK [0][-]{appendix.1.B}{\376\377\001\020\036\266\000C\000\040\000T\036\242\000\040\000U\000S\000E\000\040\000C\000A\000S\000E}{}% 82
